Determining if the pthread_create exist failed with the following output:
Change Dir: /home/localguest/Documents/Neuro_3/build-dir3/CMakeFiles/CMakeTmp

Run Build Command:"/usr/bin/make" "cmTryCompileExec1369886511/fast"
make[1]: Entering directory `/home/localguest/Documents/Neuro_3/build-dir3/CMakeFiles/CMakeTmp'
/usr/bin/make -f CMakeFiles/cmTryCompileExec1369886511.dir/build.make CMakeFiles/cmTryCompileExec1369886511.dir/build
make[2]: Entering directory `/home/localguest/Documents/Neuro_3/build-dir3/CMakeFiles/CMakeTmp'
/usr/local/bin/cmake -E cmake_progress_report /home/localguest/Documents/Neuro_3/build-dir3/CMakeFiles/CMakeTmp/CMakeFiles 1
Building C object CMakeFiles/cmTryCompileExec1369886511.dir/CheckSymbolExists.c.o
/usr/bin/cc    -o CMakeFiles/cmTryCompileExec1369886511.dir/CheckSymbolExists.c.o   -c /home/localguest/Documents/Neuro_3/build-dir3/CMakeFiles/CMakeTmp/CheckSymbolExists.c
Linking C executable cmTryCompileExec1369886511
/usr/local/bin/cmake -E cmake_link_script CMakeFiles/cmTryCompileExec1369886511.dir/link.txt --verbose=1
/usr/bin/cc       CMakeFiles/cmTryCompileExec1369886511.dir/CheckSymbolExists.c.o  -o cmTryCompileExec1369886511 -rdynamic 
CMakeFiles/cmTryCompileExec1369886511.dir/CheckSymbolExists.c.o: In function `main':
CheckSymbolExists.c:(.text+0x16): undefined reference to `pthread_create'
collect2: error: ld returned 1 exit status
make[2]: Leaving directory `/home/localguest/Documents/Neuro_3/build-dir3/CMakeFiles/CMakeTmp'
make[1]: Leaving directory `/home/localguest/Documents/Neuro_3/build-dir3/CMakeFiles/CMakeTmp'
make[2]: *** [cmTryCompileExec1369886511] Error 1
make[1]: *** [cmTryCompileExec1369886511/fast] Error 2

File /home/localguest/Documents/Neuro_3/build-dir3/CMakeFiles/CMakeTmp/CheckSymbolExists.c:
/* */
#include <pthread.h>

int main(int argc, char** argv)
{
  (void)argv;
#ifndef pthread_create
  return ((int*)(&pthread_create))[argc];
#else
  (void)argc;
  return 0;
#endif
}

